<!DOCTYPE html>
<html lang="en" xmlns:v="urn:schemas-microsoft-com:vml" xmlns:o="urn:schemas-microsoft-com:office:office">
  <head>
    <meta charset="utf-8">
    <meta http-equiv="x-ua-compatible" content="ie=edge">
    <meta name="viewport" content="width=device-width, initial-scale=1">
    <meta name="x-apple-disable-message-reformatting">
    <title>ChainTest</title>
    <style type="text/css">
      body { font-family: -apple-system, system-ui, "Helvetica Neue", "Segoe UI", Arial, sans-serif; font-size: 13px; }
      .bg-passed { background-color: rgb(168, 217, 167); }
      .text-passed { color: #79B530; }
      .bg-failed,.bg-undefined { background-color: rgb(254, 205, 204); }
      .text-failed,.text-undefined { color: #e64b5d; }
      .bg-skipped { background-color: #eee; }
      .text-skipped { color: #e6e04c; }
      .tag { background-color:#f6f7f9; }
      pre {white-space: pre-wrap; margin-bottom: 0; max-height: 15rem; overflow-y: auto; }
    </style>
  </head>
  <body leftmargin="0" topmargin="0" marginwidth="0" marginheight="0" yahoo="fix" bgcolor="#F7F8F9" style="box-sizing:border-box;margin:0;padding:0;width:100%;word-break:break-word;-webkit-font-smoothing:antialiased;">
    <!-- title -->
    <table class="wrapper" cellpadding="0" cellspacing="0" role="presentation" width="100%">
      <tr>
        <td align="center">
          <table>
            <tr>
              <td width="650">
                <table style="padding: 20px;">
                  <tr>
                    <td>
                      <span class="bg-failed" style="margin-right:10px;padding:0px 5px;">FAILED</span>
                      <span style="">Jun 20, 2025, 10:04:36 AM &middot; 2m 46s</span>
                    </td>
                  </tr>
                </table>
              </td>
            </tr>
          </table>
        </td>
      </tr>
    </table>

    <!-- stats -->
    <table align="center" width="650" style="margin-bottom:2px;">
	  <tbody>
	    <tr>
	      <td align="center" bgcolor="#FFFFFF">
	        <table width="100%">
	          <tbody>
	            <tr>
	              <td width="100" style="padding:30px 40px 20px;">
	                <p style="font-weight:500;color:#7E7E7E;margin:0;">Tests</p>
	                <h1 style="font-size:34px;">6</h1>
	              </td>
                <td width="100" style="padding:30px 40px 20px;">
	                <p style="font-weight:500;color:#7E7E7E;margin:0;color:#79B530">Passed</p>
	                <h1 style="font-size:34px;">5</h1>
	              </td>
                <td width="100" style="padding:30px 40px 20px;">
	                <p style="font-weight:500;color:#7E7E7E;margin:0;color:#e64b5d">Failed</p>
	                <h1 style="font-size:34px;">1</h1>
	              </td>
                <td width="100" style="padding:30px 40px 20px;">
	                <p style="font-weight:500;color:#7E7E7E;margin:0;color:#e6e04c">Skipped</p>
	                <h1 style="font-size:34px;">0</h1>
	              </td>
	            </tr>
	          </tbody>
	        </table>
	      </td>
	    </tr>
	  </tbody>
	</table>

    <!-- tags -->
    <table width="100%">
      <tr>
        <td align="center">
          <table width="650">
            <tr>
              <td bgcolor="#FFFFFF" style="padding:20px 40px;font-size:14px;">
                <span style="font-size:15px;font-weight:500;">Tags</span>
                <table><tr><td style="height:10px;"></td></tr></table>
                <table>
                  <tr style="font-weight:500;">
                    <td width="250">Name</td>
                    <td width="23"></td>
                    <td style="" width="60">Pass</td>
                    <td class="padding" width="10"></td>
                    <td style="" width="60">Fail</td>
                    <td class="padding" width="10"></td>
                    <td style="" width="60">Skip</td>
                  </tr>
                </table>
              </td>
            </tr>
          </table>
        </td>
      </tr>
    </table>

    <!-- tests -->
    <table width="100%">
      <tr>
        <td align="center">
          <table width="650">
            <tr>
              <td bgcolor="#FFF" style="padding:10px 20px;">
                <table>
                  <tr>
                    <td width="650px" style="padding:10px;">
                      <p class="text-failed" style="font-size:14px;font-weight:500;margin:0;margin-bottom:5px;">
                        Feature: Western Digital User Sign Up
                      <p style="font-size:12px;margin:0;">
                        <span>Jun 20, 2025, 10:07:23 AM / 12ms</span>
                      </p>
                    </td>
                  </tr>
                  <tr>
                    <td width="650px" class="bg-failed" style="padding:7px 10px;">
                      <p style="font-size:13px;margin:0;">
                        Scenario: Create a new personal account Western Digital
                      </p>
                    </td>
                  </tr>
                  <tr>
                    <td width="650px" class="bg-passed" style="padding:7px 20px;">
                      <p style="font-size:13px;margin:0;">
                        Given I navigate to "https://www.westerndigital.com/"
                      </p>
                    </td>
                  </tr>
                  <tr>
                    <td width="650px" class="bg-passed" style="padding:7px 20px;">
                      <p style="font-size:13px;margin:0;">
                        When I click on the Log In button
                      </p>
                    </td>
                  </tr>
                  <tr>
                    <td width="650px" class="bg-passed" style="padding:7px 20px;">
                      <p style="font-size:13px;margin:0;">
                        And I click on the Create an Account button
                      </p>
                    </td>
                  </tr>
                  <tr>
                    <td width="650px" class="bg-passed" style="padding:7px 20px;">
                      <p style="font-size:13px;margin:0;">
                        And I Select account type as "For myself" and click on continue to registration
                      </p>
                    </td>
                  </tr>
                  <tr>
                    <td width="650px" class="bg-passed" style="padding:7px 20px;">
                      <p style="font-size:13px;margin:0;">
                        And I Type firstname as "John" and lastname as "CR"
                      </p>
                    </td>
                  </tr>
                  <tr>
                    <td width="650px" class="bg-passed" style="padding:7px 20px;">
                      <p style="font-size:13px;margin:0;">
                        And I Type email as "sslakmal31@gmail.com"
                      </p>
                    </td>
                  </tr>
                  <tr>
                    <td width="650px" class="bg-passed" style="padding:7px 20px;">
                      <p style="font-size:13px;margin:0;">
                        And I Type password as "Test@123456789"
                      </p>
                    </td>
                  </tr>
                  <tr>
                    <td width="650px" class="bg-passed" style="padding:7px 20px;">
                      <p style="font-size:13px;margin:0;">
                        And I Click consent checkbox
                      </p>
                    </td>
                  </tr>
                  <tr>
                    <td width="650px" class="bg-passed" style="padding:7px 20px;">
                      <p style="font-size:13px;margin:0;">
                        And I click on Join Now button
                      </p>
                    </td>
                  </tr>
                  <tr>
                    <td width="650px" class="bg-failed" style="padding:7px 20px;">
                      <p style="font-size:13px;margin:0;">
                        Then Then user should landed to Home page and should be able to see the "Welcome, John!"
<pre>org.openqa.selenium.TimeoutException: Expected condition failed: waiting for condition (element to be clickable: Proxy element for: DefaultElementLocator 'By.xpath: //button[contains(@aria-label,'My Accounts ')]') to be refreshed (tried for 10 second(s) with 500 milliseconds interval)
	at org.openqa.selenium.support.ui.WebDriverWait.timeoutException(WebDriverWait.java:84)
	at org.openqa.selenium.support.ui.FluentWait.until(FluentWait.java:229)
	at utils.DriverFactory.waitForClickable(DriverFactory.java:100)
	at pages.HomePage.getWelcomeText(HomePage.java:65)
	at stepDefinitions.WesternDigitalSignUpValidationSteps.thenUserShouldLandedToHomePageAndShouldBeAbleToSeeThe(WesternDigitalSignUpValidationSteps.java:73)
	at âœ½.Then user should landed to Home page and should be able to see the "Welcome, John!"(file:///C:/Users/SachinthaSriLakmal/Downloads/SeleniumCucumberPOMFramework/src/test/resources/features/SignupValidation.feature:13)
Caused by: org.openqa.selenium.NoSuchElementException: no such element: Unable to locate element: {"method":"xpath","selector":"//button[contains(@aria-label,'My Accounts ')]"}
  (Session info: chrome=137.0.7151.104)
For documentation on this error, please visit: https://www.selenium.dev/documentation/webdriver/troubleshooting/errors#no-such-element-exception
Build info: version: '4.15.0', revision: '1d14b5521b'
System info: os.name: 'Windows 11', os.arch: 'amd64', os.version: '10.0', java.version: '11.0.19'
Driver info: org.openqa.selenium.chrome.ChromeDriver
Command: [e572cf0b6f82b03ec5bf8da7f1ff985d, findElement {using=xpath, value=//button[contains(@aria-label,'My Accounts ')]}]
Capabilities {acceptInsecureCerts: false, browserName: chrome, browserVersion: 137.0.7151.104, chrome: {chromedriverVersion: 137.0.7151.119 (e0ac9d12dff..., userDataDir: C:\Users\SACHIN~1\AppData\L...}, fedcm:accounts: true, goog:chromeOptions: {debuggerAddress: localhost:2912}, networkConnectionEnabled: false, pageLoadStrategy: normal, platformName: windows, proxy: Proxy(), se:cdp: ws://localhost:2912/devtool..., se:cdpVersion: 137.0.7151.104, setWindowRect: true, strictFileInteractability: false, timeouts: {implicit: 0, pageLoad: 300000, script: 30000}, unhandledPromptBehavior: dismiss and notify, webauthn:extension:credBlob: true, webauthn:extension:largeBlob: true, webauthn:extension:minPinLength: true, webauthn:extension:prf: true, webauthn:virtualAuthenticators: true}
Session ID: e572cf0b6f82b03ec5bf8da7f1ff985d
	at java.base/jdk.internal.reflect.NativeConstructorAccessorImpl.newInstance0(Native Method)
	at java.base/jdk.internal.reflect.NativeConstructorAccessorImpl.newInstance(NativeConstructorAccessorImpl.java:62)
	at java.base/jdk.internal.reflect.DelegatingConstructorAccessorImpl.newInstance(DelegatingConstructorAccessorImpl.java:45)
	at java.base/java.lang.reflect.Constructor.newInstance(Constructor.java:490)
	at org.openqa.selenium.remote.codec.w3c.W3CHttpResponseCodec.createException(W3CHttpResponseCodec.java:200)
	at org.openqa.selenium.remote.codec.w3c.W3CHttpResponseCodec.decode(W3CHttpResponseCodec.java:133)
	at org.openqa.selenium.remote.codec.w3c.W3CHttpResponseCodec.decode(W3CHttpResponseCodec.java:52)
	at org.openqa.selenium.remote.HttpCommandExecutor.execute(HttpCommandExecutor.java:191)
	at org.openqa.selenium.remote.service.DriverCommandExecutor.invokeExecute(DriverCommandExecutor.java:200)
	at org.openqa.selenium.remote.service.DriverCommandExecutor.execute(DriverCommandExecutor.java:175)
	at org.openqa.selenium.remote.RemoteWebDriver.execute(RemoteWebDriver.java:607)
	at org.openqa.selenium.remote.ElementLocation$ElementFinder$2.findElement(ElementLocation.java:165)
	at org.openqa.selenium.remote.ElementLocation.findElement(ElementLocation.java:59)
	at org.openqa.selenium.remote.RemoteWebDriver.findElement(RemoteWebDriver.java:364)
	at org.openqa.selenium.remote.RemoteWebDriver.findElement(RemoteWebDriver.java:358)
	at org.openqa.selenium.support.pagefactory.DefaultElementLocator.findElement(DefaultElementLocator.java:68)
	at org.openqa.selenium.support.pagefactory.internal.LocatingElementHandler.invoke(LocatingElementHandler.java:38)
	at com.sun.proxy.$Proxy26.isDisplayed(Unknown Source)
	at org.openqa.selenium.support.ui.ExpectedConditions.elementIfVisible(ExpectedConditions.java:304)
	at org.openqa.selenium.support.ui.ExpectedConditions$10.apply(ExpectedConditions.java:290)
	at org.openqa.selenium.support.ui.ExpectedConditions$10.apply(ExpectedConditions.java:287)
	at org.openqa.selenium.support.ui.ExpectedConditions$23.apply(ExpectedConditions.java:656)
	at org.openqa.selenium.support.ui.ExpectedConditions$23.apply(ExpectedConditions.java:652)
	at org.openqa.selenium.support.ui.ExpectedConditions$25.apply(ExpectedConditions.java:717)
	at org.openqa.selenium.support.ui.ExpectedConditions$25.apply(ExpectedConditions.java:713)
	at org.openqa.selenium.support.ui.FluentWait.until(FluentWait.java:204)
	at utils.DriverFactory.waitForClickable(DriverFactory.java:100)
	at pages.HomePage.getWelcomeText(HomePage.java:65)
	at stepDefinitions.WesternDigitalSignUpValidationSteps.thenUserShouldLandedToHomePageAndShouldBeAbleToSeeThe(WesternDigitalSignUpValidationSteps.java:73)
	at java.base/jdk.internal.reflect.NativeMethodAccessorImpl.invoke0(Native Method)
	at java.base/jdk.internal.reflect.NativeMethodAccessorImpl.invoke(NativeMethodAccessorImpl.java:62)
	at java.base/jdk.internal.reflect.DelegatingMethodAccessorImpl.invoke(DelegatingMethodAccessorImpl.java:43)
	at java.base/java.lang.reflect.Method.invoke(Method.java:566)
	at io.cucumber.java.Invoker.doInvoke(Invoker.java:66)
	at io.cucumber.java.Invoker.invoke(Invoker.java:24)
	at io.cucumber.java.AbstractGlueDefinition.invokeMethod(AbstractGlueDefinition.java:47)
	at io.cucumber.java.JavaStepDefinition.execute(JavaStepDefinition.java:29)
	at io.cucumber.core.runner.CoreStepDefinition.execute(CoreStepDefinition.java:66)
	at io.cucumber.core.runner.PickleStepDefinitionMatch.runStep(PickleStepDefinitionMatch.java:63)
	at io.cucumber.core.runner.ExecutionMode$1.execute(ExecutionMode.java:10)
	at io.cucumber.core.runner.TestStep.executeStep(TestStep.java:84)
	at io.cucumber.core.runner.TestStep.run(TestStep.java:56)
	at io.cucumber.core.runner.PickleStepTestStep.run(PickleStepTestStep.java:51)
	at io.cucumber.core.runner.TestCase.run(TestCase.java:84)
	at io.cucumber.core.runner.Runner.runPickle(Runner.java:75)
	at io.cucumber.testng.TestNGCucumberRunner.lambda$runScenario$1(TestNGCucumberRunner.java:132)
	at io.cucumber.core.runtime.CucumberExecutionContext.lambda$runTestCase$5(CucumberExecutionContext.java:137)
	at io.cucumber.core.runtime.RethrowingThrowableCollector.executeAndThrow(RethrowingThrowableCollector.java:23)
	at io.cucumber.core.runtime.CucumberExecutionContext.runTestCase(CucumberExecutionContext.java:137)
	at io.cucumber.testng.TestNGCucumberRunner.runScenario(TestNGCucumberRunner.java:129)
	at io.cucumber.testng.AbstractTestNGCucumberTests.runScenario(AbstractTestNGCucumberTests.java:35)
	at java.base/jdk.internal.reflect.NativeMethodAccessorImpl.invoke0(Native Method)
	at java.base/jdk.internal.reflect.NativeMethodAccessorImpl.invoke(NativeMethodAccessorImpl.java:62)
	at java.base/jdk.internal.reflect.DelegatingMethodAccessorImpl.invoke(DelegatingMethodAccessorImpl.java:43)
	at java.base/java.lang.reflect.Method.invoke(Method.java:566)
	at org.testng.internal.invokers.MethodInvocationHelper.invokeMethod(MethodInvocationHelper.java:141)
	at org.testng.internal.invokers.TestInvoker.invokeMethod(TestInvoker.java:686)
	at org.testng.internal.invokers.TestInvoker.invokeTestMethod(TestInvoker.java:230)
	at org.testng.internal.invokers.MethodRunner.runInSequence(MethodRunner.java:63)
	at org.testng.internal.invokers.TestInvoker$MethodInvocationAgent.invoke(TestInvoker.java:992)
	at org.testng.internal.invokers.TestInvoker.invokeTestMethods(TestInvoker.java:203)
	at org.testng.internal.invokers.TestMethodWorker.invokeTestMethods(TestMethodWorker.java:154)
	at org.testng.internal.invokers.TestMethodWorker.run(TestMethodWorker.java:134)
	at java.base/java.util.ArrayList.forEach(ArrayList.java:1541)
	at org.testng.TestRunner.privateRun(TestRunner.java:739)
	at org.testng.TestRunner.run(TestRunner.java:614)
	at org.testng.SuiteRunner.runTest(SuiteRunner.java:421)
	at org.testng.SuiteRunner.runSequentially(SuiteRunner.java:413)
	at org.testng.SuiteRunner.privateRun(SuiteRunner.java:373)
	at org.testng.SuiteRunner.run(SuiteRunner.java:312)
	at org.testng.SuiteRunnerWorker.runSuite(SuiteRunnerWorker.java:52)
	at org.testng.SuiteRunnerWorker.run(SuiteRunnerWorker.java:95)
	at org.testng.TestNG.runSuitesSequentially(TestNG.java:1274)
	at org.testng.TestNG.runSuitesLocally(TestNG.java:1208)
	at org.testng.TestNG.runSuites(TestNG.java:1112)
	at org.testng.TestNG.run(TestNG.java:1079)
	at com.intellij.rt.testng.IDEARemoteTestNG.run(IDEARemoteTestNG.java:66)
	at com.intellij.rt.testng.RemoteTestNGStarter.main(RemoteTestNGStarter.java:109)
</pre>
                      </p>
                    </td>
                  </tr>
                  <tr><td style="height:10px"></td></tr>
                </table>
              </td>
            </tr>
          </table>
        </td>
      </tr>
    </table>
    <table><tr><td height="100"></td></tr></table>
  </body>
</html>